LINE ADDR CONTENTS SOURCE LINE
  1.              	.equ @, $000
  2.  000 002100  	lda	$100
  3.  001 042100  	sta length
  4.  002 04202A  	sta j
  5.  003 04202B  	sta min_idx
  6.              
  7.  004 1C2100  	dec length
  8.  005 010000  	ldx# 0
  9.              
 10.              for:	
 11.  006 002029  	lda i	; for ( i = 0 ; i < n - 1 ; i ++)
 12.              			; iteration working -- issue with data muddling the last last element 
 13.              
 14.  007 202100  	cma length
 15.  008 482028  	jeq	end_pgrm
 16.  009 05202D  	stx index	; store current index
 17.  00A 004101  	lda+	ARRAY
 18.  00B 04202B  	sta min_idx
 19.  00C 002029  	lda i 
 20.  00D 202100  	cma length
 21.  00E 4A200F  	jlt for_2
 22.              
 23.  00F 002029  for_2:	lda i
 24.  010 202100  	cma length
 25.  011 48201B  	jeq swap
 26.  012 1B2029  	inc i
 27.  013 110001  	adx# 1
 28.  014 004101  	lda+	ARRAY
 29.  015 20202B  	cma min_idx
 30.  016 4C2018  	jle if
 31.  017 40200F  	jmp for_2
 32.              
 33.  018 04202B  if:	sta min_idx
 34.  019 05202A  	stx	j 
 35.  01A 40200F  	jmp for_2
 36.              
 37.  01B 01202D  swap:	ldx index
 38.  01C 004101  	lda+ ARRAY
 39.  01D 04202C  	sta temp	; temp == a[min_idx]
 40.              			; a[min_idx] == a[i]
 41.  01E 00202B  	lda min_idx
 42.  01F 044101  	sta+	array
 43.  020 01202A  	ldx j
 44.              	
 45.  021 00202C  	lda	temp
 46.  022 044101  	sta+	ARRAY
 47.  023 01202D  	ldx	index
 48.  024 110001  	adx#	1
 49.              
 50.  025 FFF003  	TXA		; transfer XR to ACC
 51.  026 042029  	sta i
 52.  027 402006  	jmp for
 53.              	
 54.              
 55.              
 56.  028 FFFFFF  end_pgrm:	hlt
 57.  029 000001  i:	.word 1
 58.  02A 000000  j:	.word 0
 59.  02B 000000  min_idx:	.word 0
 60.  02C 000000  temp:	.word 0
 61.  02D 000000  index:	.word 0
 62.              
 63.              	.equ @, $100
 64.  100 000000  length:	.word 0
 65.  101 000064  ARRAY:	.word 100
 66.  102 00004A  	.word 74
 67.  103 FFFF70  	.word -144
 68.  104 01877E  	.word 100222
 69.  105 000291  	.word 657
 70.  106 FFFFDF  	.word -33
 71.              

                     SYMBOL TABLE CONTENTS

000101 = ARRAY           000028 = END_PGRM        000006 = FOR             
00000F = FOR_2           000029 = I               000018 = IF              
00002D = INDEX           00002A = J               000100 = LENGTH          
00002B = MIN_IDX         00001B = SWAP            00002C = TEMP            
