LINE ADDR CONTENTS SOURCE LINE
  1.  000 010000  	ldx#	0
  2.  001 21000E  loop:	cmx#	len
  3.  002 4B2008  	jge end
  4.  003 502010  	ldc old
  5.  004 100001  	ada#	1	
  6.  005 512015  	stc new
  7.  006 110001  	adx#	1
  8.  007 402001  	jmp loop
  9.  008 FFFFFF  end:	hlt
 10.              
 11.              	.equ	@,$010
 12.  010 686920  old:	.char 'hi how are you', len
      011 686F77
      012 206172
      013 652079
      014 6F7520
 13.              	.equ @, $015
 14.  015 000000  new:	.blkw 5,0

                     SYMBOL TABLE CONTENTS

000008 = END             00000E = LEN             000001 = LOOP            
000015 = NEW             000010 = OLD             